Compiling the C compiler identification source file "CMakeCCompilerId.c" failed.
Compiler: /usr/local/bin/arm-none-eabi-gcc 
Build flags: 
Id flags:  

The output was:
1
/usr/local/bin/../lib/gcc/arm-none-eabi/10.2.1/../../../../arm-none-eabi/bin/ld: /usr/local/bin/../lib/gcc/arm-none-eabi/10.2.1/../../../../arm-none-eabi/lib/libc.a(lib_a-exit.o): in function `exit':
exit.c:(.text.exit+0x2c): undefined reference to `_exit'
collect2: error: ld returned 1 exit status


Compiling the CXX compiler identification source file "CMakeCXXCompilerId.cpp" failed.
Compiler: /usr/local/bin/arm-none-eabi-g++ 
Build flags: 
Id flags:  

The output was:
1
/usr/local/bin/../lib/gcc/arm-none-eabi/10.2.1/../../../../arm-none-eabi/bin/ld: /usr/local/bin/../lib/gcc/arm-none-eabi/10.2.1/../../../../arm-none-eabi/lib/libc.a(lib_a-exit.o): in function `exit':
exit.c:(.text.exit+0x2c): undefined reference to `_exit'
collect2: error: ld returned 1 exit status


Detecting C compiler ABI info failed to compile with the following output:
Change Dir: /Users/zhangtao/Projects/zephyr/drivers/st7789v2/build/CMakeFiles/CMakeTmp

Run Build Command(s):/usr/local/bin/ninja cmTC_56ead && [1/2] Building C object CMakeFiles/cmTC_56ead.dir/CMakeCCompilerABI.c.o
FAILED: CMakeFiles/cmTC_56ead.dir/CMakeCCompilerABI.c.o 
/usr/local/bin/arm-none-eabi-gcc   -arch arm64 -isysroot /Library/Developer/CommandLineTools/SDKs/MacOSX11.3.sdk   -v -Wl,-v -o CMakeFiles/cmTC_56ead.dir/CMakeCCompilerABI.c.o -c /usr/local/share/cmake-3.20/Modules/CMakeCCompilerABI.c
arm-none-eabi-gcc: error: arm64: No such file or directory
Using built-in specs.
COLLECT_GCC=/usr/local/bin/arm-none-eabi-gcc
arm-none-eabi-gcc: error: unrecognized command-line option '-arch'; did you mean '-march='?
Target: arm-none-eabi
Configured with: /tmp/jenkins-GCC-10-pipeline-48_20201124_1606180639/src/gcc/configure --target=arm-none-eabi --prefix=/tmp/jenkins-GCC-10-pipeline-48_20201124_1606180639/install-native --libexecdir=/tmp/jenkins-GCC-10-pipeline-48_20201124_1606180639/install-native/lib --infodir=/tmp/jenkins-GCC-10-pipeline-48_20201124_1606180639/install-native/share/doc/gcc-arm-none-eabi/info --mandir=/tmp/jenkins-GCC-10-pipeline-48_20201124_1606180639/install-native/share/doc/gcc-arm-none-eabi/man --htmldir=/tmp/jenkins-GCC-10-pipeline-48_20201124_1606180639/install-native/share/doc/gcc-arm-none-eabi/html --pdfdir=/tmp/jenkins-GCC-10-pipeline-48_20201124_1606180639/install-native/share/doc/gcc-arm-none-eabi/pdf --enable-languages=c,c++ --enable-plugins --disable-decimal-float --disable-libffi --disable-libgomp --disable-libmudflap --disable-libquadmath --disable-libssp --disable-libstdcxx-pch --disable-nls --disable-shared --disable-threads --disable-tls --with-gnu-as --with-gnu-ld --with-newlib --with-headers=yes --with-python-dir=share/gcc-arm-none-eabi --with-sysroot=/tmp/jenkins-GCC-10-pipeline-48_20201124_1606180639/install-native/arm-none-eabi --build=x86_64-apple-darwin10 --host=x86_64-apple-darwin10 --with-gmp=/tmp/jenkins-GCC-10-pipeline-48_20201124_1606180639/build-native/host-libs/usr --with-mpfr=/tmp/jenkins-GCC-10-pipeline-48_20201124_1606180639/build-native/host-libs/usr --with-mpc=/tmp/jenkins-GCC-10-pipeline-48_20201124_1606180639/build-native/host-libs/usr --with-isl=/tmp/jenkins-GCC-10-pipeline-48_20201124_1606180639/build-native/host-libs/usr --with-libelf=/tmp/jenkins-GCC-10-pipeline-48_20201124_1606180639/build-native/host-libs/usr --with-host-libstdcxx='-static-libgcc -Wl,-lstdc++ -lm' --with-pkgversion='GNU Arm Embedded Toolchain 10-2020-q4-major' --with-multilib-list=rmprofile,aprofile
Thread model: single
Supported LTO compression algorithms: zlib
gcc version 10.2.1 20201103 (release) (GNU Arm Embedded Toolchain 10-2020-q4-major) 
ninja: build stopped: subcommand failed.




Determining if the C compiler works failed with the following output:
Change Dir: /Users/zhangtao/Projects/zephyr/drivers/st7789v2/build/CMakeFiles/CMakeTmp

Run Build Command(s):/usr/local/bin/ninja cmTC_fc251 && [1/2] Building C object CMakeFiles/cmTC_fc251.dir/testCCompiler.c.o
FAILED: CMakeFiles/cmTC_fc251.dir/testCCompiler.c.o 
/usr/local/bin/arm-none-eabi-gcc   -arch arm64 -isysroot /Library/Developer/CommandLineTools/SDKs/MacOSX11.3.sdk -o CMakeFiles/cmTC_fc251.dir/testCCompiler.c.o -c testCCompiler.c
arm-none-eabi-gcc: error: arm64: No such file or directory
arm-none-eabi-gcc: error: unrecognized command-line option '-arch'; did you mean '-march='?
ninja: build stopped: subcommand failed.



